This file contains any messages produced by compilers while
running configure, to aid debugging if configure makes a mistake.

It was created by configure, which was
generated by GNU Autoconf 2.59.  Invocation command line was

  $ ./configure 

## --------- ##
## Platform. ##
## --------- ##

hostname = arrakis
uname -m = i686
uname -r = 2.6.37.1
uname -s = Linux
uname -v = #1 SMP Mon Feb 21 18:58:04 CST 2011

/usr/bin/uname -p = Intel(R) Core(TM)2 Duo CPU E7500 @ 2.93GHz
/bin/uname -X     = unknown

/bin/arch              = unknown
/usr/bin/arch -k       = unknown
/usr/convex/getsysinfo = unknown
hostinfo               = unknown
/bin/machine           = unknown
/usr/bin/oslevel       = unknown
/bin/universe          = unknown

PATH: /home/pez/Nokia/Update_Manager/bin
PATH: ~/bin
PATH: /home/pez/bin
PATH: /usr/local/bin
PATH: /usr/bin
PATH: /bin
PATH: /opt/bin
PATH: /usr/i686-pc-linux-gnu/gcc-bin/4.1.1
PATH: /usr/i686-pc-linux-gnu/gcc-bin/4.4.4
PATH: /usr/kde/3.5/bin
PATH: /usr/qt/3/bin
PATH: /usr/games/bin
PATH: /opt/vmware/player/bin
PATH: /usr/local/ingen/bin
PATH: /home/pez/.local/bin
PATH: /home/pez/Nokia/Tools/Nokia_Developers_Suite_for_J2ME/bin


## ----------- ##
## Core tests. ##
## ----------- ##

configure:1571: checking build system type
configure:1589: result: i686-pc-linux-gnu
configure:1597: checking host system type
configure:1611: result: i686-pc-linux-gnu
configure:1619: checking target system type
configure:1633: result: i686-pc-linux-gnu
configure:1661: checking for a BSD-compatible install
configure:1716: result: /usr/bin/install -c
configure:1727: checking whether build environment is sane
configure:1770: result: yes
configure:1785: checking whether make sets $(MAKE)
configure:1805: result: yes
configure:1837: checking for working aclocal-1.4
configure:1844: result: found
configure:1852: checking for working autoconf
configure:1859: result: found
configure:1867: checking for working automake-1.4
configure:1874: result: found
configure:1882: checking for working autoheader
configure:1889: result: found
configure:1897: checking for working makeinfo
configure:1904: result: found
configure:1989: checking for gcc
configure:2005: found /usr/bin/gcc
configure:2015: result: gcc
configure:2259: checking for C compiler version
configure:2262: gcc --version </dev/null >&5
gcc (Gentoo 4.4.4-r2 p1.3, pie-0.4.5) 4.4.4
Copyright (C) 2010 Free Software Foundation, Inc.
This is free software; see the source for copying conditions.  There is NO
warranty; not even for MERCHANTABILITY or FITNESS FOR A PARTICULAR PURPOSE.

configure:2265: $? = 0
configure:2267: gcc -v </dev/null >&5
Using built-in specs.
Target: i686-pc-linux-gnu
Configured with: /var/tmp/portage/sys-devel/gcc-4.4.4-r2/work/gcc-4.4.4/configure --prefix=/usr --bindir=/usr/i686-pc-linux-gnu/gcc-bin/4.4.4 --includedir=/usr/lib/gcc/i686-pc-linux-gnu/4.4.4/include --datadir=/usr/share/gcc-data/i686-pc-linux-gnu/4.4.4 --mandir=/usr/share/gcc-data/i686-pc-linux-gnu/4.4.4/man --infodir=/usr/share/gcc-data/i686-pc-linux-gnu/4.4.4/info --with-gxx-include-dir=/usr/lib/gcc/i686-pc-linux-gnu/4.4.4/include/g++-v4 --host=i686-pc-linux-gnu --build=i686-pc-linux-gnu --disable-altivec --disable-fixed-point --without-ppl --without-cloog --enable-nls --without-included-gettext --with-system-zlib --disable-werror --enable-secureplt --disable-multilib --enable-libmudflap --disable-libssp --enable-libgomp --with-python-dir=/share/gcc-data/i686-pc-linux-gnu/4.4.4/python --enable-checking=release --disable-libgcj --with-arch=i686 --enable-languages=c,c++,fortran --enable-shared --enable-threads=posix --enable-__cxa_atexit --enable-clocale=gnu --with-bugurl=http://bugs.gentoo.org/ --with-pkgversion='Gentoo 4.4.4-r2 p1.3, pie-0.4.5'
Thread model: posix
gcc version 4.4.4 (Gentoo 4.4.4-r2 p1.3, pie-0.4.5) 
configure:2270: $? = 0
configure:2272: gcc -V </dev/null >&5
gcc: '-V' option must have argument
configure:2275: $? = 1
configure:2298: checking for C compiler default output file name
configure:2301: gcc    conftest.c  >&5
configure:2304: $? = 0
configure:2350: result: a.out
configure:2355: checking whether the C compiler works
configure:2361: ./a.out
configure:2364: $? = 0
configure:2381: result: yes
configure:2388: checking whether we are cross compiling
configure:2390: result: no
configure:2393: checking for suffix of executables
configure:2395: gcc -o conftest    conftest.c  >&5
configure:2398: $? = 0
configure:2423: result: 
configure:2429: checking for suffix of object files
configure:2450: gcc -c   conftest.c >&5
configure:2453: $? = 0
configure:2475: result: o
configure:2479: checking whether we are using the GNU C compiler
configure:2503: gcc -c   conftest.c >&5
configure:2509: $? = 0
configure:2513: test -z 
			 || test ! -s conftest.err
configure:2516: $? = 0
configure:2519: test -s conftest.o
configure:2522: $? = 0
configure:2535: result: yes
configure:2541: checking whether gcc accepts -g
configure:2562: gcc -c -g  conftest.c >&5
configure:2568: $? = 0
configure:2572: test -z 
			 || test ! -s conftest.err
configure:2575: $? = 0
configure:2578: test -s conftest.o
configure:2581: $? = 0
configure:2592: result: yes
configure:2609: checking for gcc option to accept ANSI C
configure:2679: gcc  -c -g -O2  conftest.c >&5
configure:2685: $? = 0
configure:2689: test -z 
			 || test ! -s conftest.err
configure:2692: $? = 0
configure:2695: test -s conftest.o
configure:2698: $? = 0
configure:2716: result: none needed
configure:2734: gcc -c -g -O2  conftest.c >&5
conftest.c:2: error: expected '=', ',', ';', 'asm' or '__attribute__' before 'me'
configure:2740: $? = 1
configure: failed program was:
| #ifndef __cplusplus
|   choke me
| #endif
configure:2878: checking for memset
configure:2935: gcc -o conftest -g -O2   conftest.c  >&5
conftest.c:35: warning: conflicting types for built-in function 'memset'
configure:2941: $? = 0
configure:2945: test -z 
			 || test ! -s conftest.err
configure:2948: $? = 0
configure:2951: test -s conftest
configure:2954: $? = 0
configure:2966: result: yes
configure:2980: checking for strstr
configure:3037: gcc -o conftest -g -O2   conftest.c  >&5
conftest.c:36: warning: conflicting types for built-in function 'strstr'
configure:3043: $? = 0
configure:3047: test -z 
			 || test ! -s conftest.err
configure:3050: $? = 0
configure:3053: test -s conftest
configure:3056: $? = 0
configure:3068: result: yes
configure:3083: checking how to run the C preprocessor
configure:3118: gcc -E  conftest.c
configure:3124: $? = 0
configure:3156: gcc -E  conftest.c
conftest.c:13:28: error: ac_nonexistent.h: No such file or directory
configure:3162: $? = 1
configure: failed program was:
| /* confdefs.h.  */
| 
| #define PACKAGE_NAME ""
| #define PACKAGE_TARNAME ""
| #define PACKAGE_VERSION ""
| #define PACKAGE_STRING ""
| #define PACKAGE_BUGREPORT ""
| #define PACKAGE "audacious-cdcover"
| #define VERSION "0.2"
| #define HAVE_MEMSET 1
| #define HAVE_STRSTR 1
| /* end confdefs.h.  */
| #include <ac_nonexistent.h>
configure:3201: result: gcc -E
configure:3225: gcc -E  conftest.c
configure:3231: $? = 0
configure:3263: gcc -E  conftest.c
conftest.c:13:28: error: ac_nonexistent.h: No such file or directory
configure:3269: $? = 1
configure: failed program was:
| /* confdefs.h.  */
| 
| #define PACKAGE_NAME ""
| #define PACKAGE_TARNAME ""
| #define PACKAGE_VERSION ""
| #define PACKAGE_STRING ""
| #define PACKAGE_BUGREPORT ""
| #define PACKAGE "audacious-cdcover"
| #define VERSION "0.2"
| #define HAVE_MEMSET 1
| #define HAVE_STRSTR 1
| /* end confdefs.h.  */
| #include <ac_nonexistent.h>
configure:3313: checking for egrep
configure:3323: result: grep -E
configure:3328: checking for ANSI C header files
configure:3353: gcc -c -g -O2  conftest.c >&5
configure:3359: $? = 0
configure:3363: test -z 
			 || test ! -s conftest.err
configure:3366: $? = 0
configure:3369: test -s conftest.o
configure:3372: $? = 0
configure:3461: gcc -o conftest -g -O2   conftest.c  >&5
conftest.c: In function 'main':
conftest.c:30: warning: incompatible implicit declaration of built-in function 'exit'
configure:3464: $? = 0
configure:3466: ./conftest
configure:3469: $? = 0
configure:3484: result: yes
configure:3508: checking for sys/types.h
configure:3524: gcc -c -g -O2  conftest.c >&5
configure:3530: $? = 0
configure:3534: test -z 
			 || test ! -s conftest.err
configure:3537: $? = 0
configure:3540: test -s conftest.o
configure:3543: $? = 0
configure:3554: result: yes
configure:3508: checking for sys/stat.h
configure:3524: gcc -c -g -O2  conftest.c >&5
configure:3530: $? = 0
configure:3534: test -z 
			 || test ! -s conftest.err
configure:3537: $? = 0
configure:3540: test -s conftest.o
configure:3543: $? = 0
configure:3554: result: yes
configure:3508: checking for stdlib.h
configure:3524: gcc -c -g -O2  conftest.c >&5
configure:3530: $? = 0
configure:3534: test -z 
			 || test ! -s conftest.err
configure:3537: $? = 0
configure:3540: test -s conftest.o
configure:3543: $? = 0
configure:3554: result: yes
configure:3508: checking for string.h
configure:3524: gcc -c -g -O2  conftest.c >&5
configure:3530: $? = 0
configure:3534: test -z 
			 || test ! -s conftest.err
configure:3537: $? = 0
configure:3540: test -s conftest.o
configure:3543: $? = 0
configure:3554: result: yes
configure:3508: checking for memory.h
configure:3524: gcc -c -g -O2  conftest.c >&5
configure:3530: $? = 0
configure:3534: test -z 
			 || test ! -s conftest.err
configure:3537: $? = 0
configure:3540: test -s conftest.o
configure:3543: $? = 0
configure:3554: result: yes
configure:3508: checking for strings.h
configure:3524: gcc -c -g -O2  conftest.c >&5
configure:3530: $? = 0
configure:3534: test -z 
			 || test ! -s conftest.err
configure:3537: $? = 0
configure:3540: test -s conftest.o
configure:3543: $? = 0
configure:3554: result: yes
configure:3508: checking for inttypes.h
configure:3524: gcc -c -g -O2  conftest.c >&5
configure:3530: $? = 0
configure:3534: test -z 
			 || test ! -s conftest.err
configure:3537: $? = 0
configure:3540: test -s conftest.o
configure:3543: $? = 0
configure:3554: result: yes
configure:3508: checking for stdint.h
configure:3524: gcc -c -g -O2  conftest.c >&5
configure:3530: $? = 0
configure:3534: test -z 
			 || test ! -s conftest.err
configure:3537: $? = 0
configure:3540: test -s conftest.o
configure:3543: $? = 0
configure:3554: result: yes
configure:3508: checking for unistd.h
configure:3524: gcc -c -g -O2  conftest.c >&5
configure:3530: $? = 0
configure:3534: test -z 
			 || test ! -s conftest.err
configure:3537: $? = 0
configure:3540: test -s conftest.o
configure:3543: $? = 0
configure:3554: result: yes
configure:3580: checking fcntl.h usability
configure:3592: gcc -c -g -O2  conftest.c >&5
configure:3598: $? = 0
configure:3602: test -z 
			 || test ! -s conftest.err
configure:3605: $? = 0
configure:3608: test -s conftest.o
configure:3611: $? = 0
configure:3621: result: yes
configure:3625: checking fcntl.h presence
configure:3635: gcc -E  conftest.c
configure:3641: $? = 0
configure:3661: result: yes
configure:3696: checking for fcntl.h
configure:3703: result: yes
configure:3721: checking for stdlib.h
configure:3726: result: yes
configure:3866: checking for GNU libc compatible malloc
configure:3895: gcc -o conftest -g -O2   conftest.c  >&5
configure:3898: $? = 0
configure:3900: ./conftest
configure:3903: $? = 0
configure:3917: result: yes
configure:3952: checking for stdlib.h
configure:3957: result: yes
configure:4097: checking for GNU libc compatible realloc
configure:4126: gcc -o conftest -g -O2   conftest.c  >&5
configure:4129: $? = 0
configure:4131: ./conftest
configure:4134: $? = 0
configure:4148: result: yes
configure:4230: checking for g++
configure:4246: found /usr/bin/g++
configure:4256: result: g++
configure:4272: checking for C++ compiler version
configure:4275: g++ --version </dev/null >&5
g++ (Gentoo 4.4.4-r2 p1.3, pie-0.4.5) 4.4.4
Copyright (C) 2010 Free Software Foundation, Inc.
This is free software; see the source for copying conditions.  There is NO
warranty; not even for MERCHANTABILITY or FITNESS FOR A PARTICULAR PURPOSE.

configure:4278: $? = 0
configure:4280: g++ -v </dev/null >&5
Using built-in specs.
Target: i686-pc-linux-gnu
Configured with: /var/tmp/portage/sys-devel/gcc-4.4.4-r2/work/gcc-4.4.4/configure --prefix=/usr --bindir=/usr/i686-pc-linux-gnu/gcc-bin/4.4.4 --includedir=/usr/lib/gcc/i686-pc-linux-gnu/4.4.4/include --datadir=/usr/share/gcc-data/i686-pc-linux-gnu/4.4.4 --mandir=/usr/share/gcc-data/i686-pc-linux-gnu/4.4.4/man --infodir=/usr/share/gcc-data/i686-pc-linux-gnu/4.4.4/info --with-gxx-include-dir=/usr/lib/gcc/i686-pc-linux-gnu/4.4.4/include/g++-v4 --host=i686-pc-linux-gnu --build=i686-pc-linux-gnu --disable-altivec --disable-fixed-point --without-ppl --without-cloog --enable-nls --without-included-gettext --with-system-zlib --disable-werror --enable-secureplt --disable-multilib --enable-libmudflap --disable-libssp --enable-libgomp --with-python-dir=/share/gcc-data/i686-pc-linux-gnu/4.4.4/python --enable-checking=release --disable-libgcj --with-arch=i686 --enable-languages=c,c++,fortran --enable-shared --enable-threads=posix --enable-__cxa_atexit --enable-clocale=gnu --with-bugurl=http://bugs.gentoo.org/ --with-pkgversion='Gentoo 4.4.4-r2 p1.3, pie-0.4.5'
Thread model: posix
gcc version 4.4.4 (Gentoo 4.4.4-r2 p1.3, pie-0.4.5) 
configure:4283: $? = 0
configure:4285: g++ -V </dev/null >&5
g++: '-V' option must have argument
configure:4288: $? = 1
configure:4291: checking whether we are using the GNU C++ compiler
configure:4315: g++ -c   conftest.cc >&5
configure:4321: $? = 0
configure:4325: test -z 
			 || test ! -s conftest.err
configure:4328: $? = 0
configure:4331: test -s conftest.o
configure:4334: $? = 0
configure:4347: result: yes
configure:4353: checking whether g++ accepts -g
configure:4374: g++ -c -g  conftest.cc >&5
configure:4380: $? = 0
configure:4384: test -z 
			 || test ! -s conftest.err
configure:4387: $? = 0
configure:4390: test -s conftest.o
configure:4393: $? = 0
configure:4404: result: yes
configure:4446: g++ -c -g -O2  conftest.cc >&5
configure:4452: $? = 0
configure:4456: test -z 
			 || test ! -s conftest.err
configure:4459: $? = 0
configure:4462: test -s conftest.o
configure:4465: $? = 0
configure:4491: g++ -c -g -O2  conftest.cc >&5
conftest.cc: In function 'int main()':
conftest.cc:32: error: 'exit' was not declared in this scope
configure:4497: $? = 1
configure: failed program was:
| /* confdefs.h.  */
| 
| #define PACKAGE_NAME ""
| #define PACKAGE_TARNAME ""
| #define PACKAGE_VERSION ""
| #define PACKAGE_STRING ""
| #define PACKAGE_BUGREPORT ""
| #define PACKAGE "audacious-cdcover"
| #define VERSION "0.2"
| #define HAVE_MEMSET 1
| #define HAVE_STRSTR 1
| #define STDC_HEADERS 1
| #define HAVE_SYS_TYPES_H 1
| #define HAVE_SYS_STAT_H 1
| #define HAVE_STDLIB_H 1
| #define HAVE_STRING_H 1
| #define HAVE_MEMORY_H 1
| #define HAVE_STRINGS_H 1
| #define HAVE_INTTYPES_H 1
| #define HAVE_STDINT_H 1
| #define HAVE_UNISTD_H 1
| #define HAVE_FCNTL_H 1
| #define HAVE_STDLIB_H 1
| #define HAVE_MALLOC 1
| #define HAVE_STDLIB_H 1
| #define HAVE_REALLOC 1
| /* end confdefs.h.  */
| 
| int
| main ()
| {
| exit (42);
|   ;
|   return 0;
| }
configure:4446: g++ -c -g -O2  conftest.cc >&5
conftest.cc:28: error: 'void std::exit(int)' should have been declared inside 'std'
configure:4452: $? = 1
configure: failed program was:
| /* confdefs.h.  */
| 
| #define PACKAGE_NAME ""
| #define PACKAGE_TARNAME ""
| #define PACKAGE_VERSION ""
| #define PACKAGE_STRING ""
| #define PACKAGE_BUGREPORT ""
| #define PACKAGE "audacious-cdcover"
| #define VERSION "0.2"
| #define HAVE_MEMSET 1
| #define HAVE_STRSTR 1
| #define STDC_HEADERS 1
| #define HAVE_SYS_TYPES_H 1
| #define HAVE_SYS_STAT_H 1
| #define HAVE_STDLIB_H 1
| #define HAVE_STRING_H 1
| #define HAVE_MEMORY_H 1
| #define HAVE_STRINGS_H 1
| #define HAVE_INTTYPES_H 1
| #define HAVE_STDINT_H 1
| #define HAVE_UNISTD_H 1
| #define HAVE_FCNTL_H 1
| #define HAVE_STDLIB_H 1
| #define HAVE_MALLOC 1
| #define HAVE_STDLIB_H 1
| #define HAVE_REALLOC 1
| /* end confdefs.h.  */
| extern "C" void std::exit (int) throw (); using std::exit;
| #include <stdlib.h>
| int
| main ()
| {
| exit (42);
|   ;
|   return 0;
| }
configure:4446: g++ -c -g -O2  conftest.cc >&5
conftest.cc:28: error: 'void std::exit(int)' should have been declared inside 'std'
In file included from conftest.cc:29:
/usr/include/stdlib.h:543: error: declaration of 'void std::exit(int) throw ()' throws different exceptions
conftest.cc:28: error: from previous declaration 'void std::exit(int)'
configure:4452: $? = 1
configure: failed program was:
| /* confdefs.h.  */
| 
| #define PACKAGE_NAME ""
| #define PACKAGE_TARNAME ""
| #define PACKAGE_VERSION ""
| #define PACKAGE_STRING ""
| #define PACKAGE_BUGREPORT ""
| #define PACKAGE "audacious-cdcover"
| #define VERSION "0.2"
| #define HAVE_MEMSET 1
| #define HAVE_STRSTR 1
| #define STDC_HEADERS 1
| #define HAVE_SYS_TYPES_H 1
| #define HAVE_SYS_STAT_H 1
| #define HAVE_STDLIB_H 1
| #define HAVE_STRING_H 1
| #define HAVE_MEMORY_H 1
| #define HAVE_STRINGS_H 1
| #define HAVE_INTTYPES_H 1
| #define HAVE_STDINT_H 1
| #define HAVE_UNISTD_H 1
| #define HAVE_FCNTL_H 1
| #define HAVE_STDLIB_H 1
| #define HAVE_MALLOC 1
| #define HAVE_STDLIB_H 1
| #define HAVE_REALLOC 1
| /* end confdefs.h.  */
| extern "C" void std::exit (int); using std::exit;
| #include <stdlib.h>
| int
| main ()
| {
| exit (42);
|   ;
|   return 0;
| }
configure:4446: g++ -c -g -O2  conftest.cc >&5
configure:4452: $? = 0
configure:4456: test -z 
			 || test ! -s conftest.err
configure:4459: $? = 0
configure:4462: test -s conftest.o
configure:4465: $? = 0
configure:4491: g++ -c -g -O2  conftest.cc >&5
configure:4497: $? = 0
configure:4501: test -z 
			 || test ! -s conftest.err
configure:4504: $? = 0
configure:4507: test -s conftest.o
configure:4510: $? = 0
configure:4533: checking whether make sets $(MAKE)
configure:4553: result: yes
configure:4566: checking for strdup
configure:4623: gcc -o conftest -g -O2   conftest.c  >&5
conftest.c:55: warning: conflicting types for built-in function 'strdup'
configure:4629: $? = 0
configure:4633: test -z 
			 || test ! -s conftest.err
configure:4636: $? = 0
configure:4639: test -s conftest
configure:4642: $? = 0
configure:4654: result: yes
configure:4672: checking for dirent.h that defines DIR
configure:4696: gcc -c -g -O2  conftest.c >&5
configure:4702: $? = 0
configure:4706: test -z 
			 || test ! -s conftest.err
configure:4709: $? = 0
configure:4712: test -s conftest.o
configure:4715: $? = 0
configure:4726: result: yes
configure:4739: checking for library containing opendir
configure:4769: gcc -o conftest -g -O2   conftest.c  >&5
configure:4775: $? = 0
configure:4779: test -z 
			 || test ! -s conftest.err
configure:4782: $? = 0
configure:4785: test -s conftest
configure:4788: $? = 0
configure:4858: result: none required
configure:4994: checking whether closedir returns void
configure:5023: gcc -o conftest -g -O2   conftest.c  >&5
configure:5026: $? = 0
configure:5028: ./conftest
configure:5031: $? = 0
configure:5045: result: no
configure:5063: checking for dirent.h that defines DIR
configure:5117: result: yes
configure:5130: checking for library containing opendir
configure:5249: result: none required
configure:5385: checking for an ANSI C-conforming const
configure:5452: gcc -c -g -O2  conftest.c >&5
configure:5458: $? = 0
configure:5462: test -z 
			 || test ! -s conftest.err
configure:5465: $? = 0
configure:5468: test -s conftest.o
configure:5471: $? = 0
configure:5482: result: yes
configure:5494: checking for working alloca.h
configure:5515: gcc -o conftest -g -O2   conftest.c  >&5
configure:5521: $? = 0
configure:5525: test -z 
			 || test ! -s conftest.err
configure:5528: $? = 0
configure:5531: test -s conftest
configure:5534: $? = 0
configure:5546: result: yes
configure:5556: checking for alloca
configure:5597: gcc -o conftest -g -O2   conftest.c  >&5
configure:5603: $? = 0
configure:5607: test -z 
			 || test ! -s conftest.err
configure:5610: $? = 0
configure:5613: test -s conftest
configure:5616: $? = 0
configure:5628: result: yes
configure:5851: checking for mbstate_t
configure:5873: gcc -c -g -O2  conftest.c >&5
configure:5879: $? = 0
configure:5883: test -z 
			 || test ! -s conftest.err
configure:5886: $? = 0
configure:5889: test -s conftest.o
configure:5892: $? = 0
configure:5903: result: yes
configure:5918: checking for working POSIX fnmatch
configure:5956: gcc -o conftest -g -O2   conftest.c  >&5
conftest.c: In function 'main':
conftest.c:45: warning: incompatible implicit declaration of built-in function 'exit'
configure:5959: $? = 0
configure:5961: ./conftest
configure:5964: $? = 0
configure:5978: result: yes
configure:6378: checking for gcc
configure:6404: result: gcc
configure:6648: checking for C compiler version
configure:6651: gcc --version </dev/null >&5
gcc (Gentoo 4.4.4-r2 p1.3, pie-0.4.5) 4.4.4
Copyright (C) 2010 Free Software Foundation, Inc.
This is free software; see the source for copying conditions.  There is NO
warranty; not even for MERCHANTABILITY or FITNESS FOR A PARTICULAR PURPOSE.

configure:6654: $? = 0
configure:6656: gcc -v </dev/null >&5
Using built-in specs.
Target: i686-pc-linux-gnu
Configured with: /var/tmp/portage/sys-devel/gcc-4.4.4-r2/work/gcc-4.4.4/configure --prefix=/usr --bindir=/usr/i686-pc-linux-gnu/gcc-bin/4.4.4 --includedir=/usr/lib/gcc/i686-pc-linux-gnu/4.4.4/include --datadir=/usr/share/gcc-data/i686-pc-linux-gnu/4.4.4 --mandir=/usr/share/gcc-data/i686-pc-linux-gnu/4.4.4/man --infodir=/usr/share/gcc-data/i686-pc-linux-gnu/4.4.4/info --with-gxx-include-dir=/usr/lib/gcc/i686-pc-linux-gnu/4.4.4/include/g++-v4 --host=i686-pc-linux-gnu --build=i686-pc-linux-gnu --disable-altivec --disable-fixed-point --without-ppl --without-cloog --enable-nls --without-included-gettext --with-system-zlib --disable-werror --enable-secureplt --disable-multilib --enable-libmudflap --disable-libssp --enable-libgomp --with-python-dir=/share/gcc-data/i686-pc-linux-gnu/4.4.4/python --enable-checking=release --disable-libgcj --with-arch=i686 --enable-languages=c,c++,fortran --enable-shared --enable-threads=posix --enable-__cxa_atexit --enable-clocale=gnu --with-bugurl=http://bugs.gentoo.org/ --with-pkgversion='Gentoo 4.4.4-r2 p1.3, pie-0.4.5'
Thread model: posix
gcc version 4.4.4 (Gentoo 4.4.4-r2 p1.3, pie-0.4.5) 
configure:6659: $? = 0
configure:6661: gcc -V </dev/null >&5
gcc: '-V' option must have argument
configure:6664: $? = 1
configure:6667: checking whether we are using the GNU C compiler
configure:6723: result: yes
configure:6729: checking whether gcc accepts -g
configure:6780: result: yes
configure:6797: checking for gcc option to accept ANSI C
configure:6904: result: none needed
configure:6922: gcc -c -g -O2  conftest.c >&5
conftest.c:2: error: expected '=', ',', ';', 'asm' or '__attribute__' before 'me'
configure:6928: $? = 1
configure: failed program was:
| #ifndef __cplusplus
|   choke me
| #endif
configure:7066: checking how to run the C preprocessor
configure:7184: result: gcc -E
configure:7208: gcc -E  conftest.c
configure:7214: $? = 0
configure:7246: gcc -E  conftest.c
conftest.c:37:28: error: ac_nonexistent.h: No such file or directory
configure:7252: $? = 1
configure: failed program was:
| /* confdefs.h.  */
| 
| #define PACKAGE_NAME ""
| #define PACKAGE_TARNAME ""
| #define PACKAGE_VERSION ""
| #define PACKAGE_STRING ""
| #define PACKAGE_BUGREPORT ""
| #define PACKAGE "audacious-cdcover"
| #define VERSION "0.2"
| #define HAVE_MEMSET 1
| #define HAVE_STRSTR 1
| #define STDC_HEADERS 1
| #define HAVE_SYS_TYPES_H 1
| #define HAVE_SYS_STAT_H 1
| #define HAVE_STDLIB_H 1
| #define HAVE_STRING_H 1
| #define HAVE_MEMORY_H 1
| #define HAVE_STRINGS_H 1
| #define HAVE_INTTYPES_H 1
| #define HAVE_STDINT_H 1
| #define HAVE_UNISTD_H 1
| #define HAVE_FCNTL_H 1
| #define HAVE_STDLIB_H 1
| #define HAVE_MALLOC 1
| #define HAVE_STDLIB_H 1
| #define HAVE_REALLOC 1
| #ifdef __cplusplus
| extern "C" void exit (int) throw ();
| #endif
| #define HAVE_STRDUP 1
| #define HAVE_DIRENT_H 1
| #define HAVE_DIRENT_H 1
| #define HAVE_ALLOCA_H 1
| #define HAVE_ALLOCA 1
| #define HAVE_MBSTATE_T 1
| /* end confdefs.h.  */
| #include <ac_nonexistent.h>
configure:7295: checking for ANSI C header files
configure:7451: result: yes
configure:7474: checking for a BSD-compatible install
configure:7529: result: /usr/bin/install -c
configure:7588: checking for a sed that does not truncate output
configure:7642: result: /bin/sed
configure:7656: checking for ld used by gcc
configure:7723: result: /usr/i686-pc-linux-gnu/bin/ld
configure:7732: checking if the linker (/usr/i686-pc-linux-gnu/bin/ld) is GNU ld
configure:7747: result: yes
configure:7752: checking for /usr/i686-pc-linux-gnu/bin/ld option to reload object files
configure:7759: result: -r
configure:7777: checking for BSD-compatible nm
configure:7826: result: /usr/bin/nm -B
configure:7830: checking whether ln -s works
configure:7834: result: yes
configure:7841: checking how to recognise dependent libraries
configure:8017: result: pass_all
configure:8262: checking dlfcn.h usability
configure:8274: gcc -c -g -O2  conftest.c >&5
configure:8280: $? = 0
configure:8284: test -z 
			 || test ! -s conftest.err
configure:8287: $? = 0
configure:8290: test -s conftest.o
configure:8293: $? = 0
configure:8303: result: yes
configure:8307: checking dlfcn.h presence
configure:8317: gcc -E  conftest.c
configure:8323: $? = 0
configure:8343: result: yes
configure:8378: checking for dlfcn.h
configure:8385: result: yes
configure:8408: checking how to run the C++ preprocessor
configure:8439: g++ -E  conftest.cc
configure:8445: $? = 0
configure:8477: g++ -E  conftest.cc
conftest.cc:39:28: error: ac_nonexistent.h: No such file or directory
configure:8483: $? = 1
configure: failed program was:
| /* confdefs.h.  */
| 
| #define PACKAGE_NAME ""
| #define PACKAGE_TARNAME ""
| #define PACKAGE_VERSION ""
| #define PACKAGE_STRING ""
| #define PACKAGE_BUGREPORT ""
| #define PACKAGE "audacious-cdcover"
| #define VERSION "0.2"
| #define HAVE_MEMSET 1
| #define HAVE_STRSTR 1
| #define STDC_HEADERS 1
| #define HAVE_SYS_TYPES_H 1
| #define HAVE_SYS_STAT_H 1
| #define HAVE_STDLIB_H 1
| #define HAVE_STRING_H 1
| #define HAVE_MEMORY_H 1
| #define HAVE_STRINGS_H 1
| #define HAVE_INTTYPES_H 1
| #define HAVE_STDINT_H 1
| #define HAVE_UNISTD_H 1
| #define HAVE_FCNTL_H 1
| #define HAVE_STDLIB_H 1
| #define HAVE_MALLOC 1
| #define HAVE_STDLIB_H 1
| #define HAVE_REALLOC 1
| #ifdef __cplusplus
| extern "C" void exit (int) throw ();
| #endif
| #define HAVE_STRDUP 1
| #define HAVE_DIRENT_H 1
| #define HAVE_DIRENT_H 1
| #define HAVE_ALLOCA_H 1
| #define HAVE_ALLOCA 1
| #define HAVE_MBSTATE_T 1
| #define STDC_HEADERS 1
| #define HAVE_DLFCN_H 1
| /* end confdefs.h.  */
| #include <ac_nonexistent.h>
configure:8522: result: g++ -E
configure:8546: g++ -E  conftest.cc
configure:8552: $? = 0
configure:8584: g++ -E  conftest.cc
conftest.cc:39:28: error: ac_nonexistent.h: No such file or directory
configure:8590: $? = 1
configure: failed program was:
| /* confdefs.h.  */
| 
| #define PACKAGE_NAME ""
| #define PACKAGE_TARNAME ""
| #define PACKAGE_VERSION ""
| #define PACKAGE_STRING ""
| #define PACKAGE_BUGREPORT ""
| #define PACKAGE "audacious-cdcover"
| #define VERSION "0.2"
| #define HAVE_MEMSET 1
| #define HAVE_STRSTR 1
| #define STDC_HEADERS 1
| #define HAVE_SYS_TYPES_H 1
| #define HAVE_SYS_STAT_H 1
| #define HAVE_STDLIB_H 1
| #define HAVE_STRING_H 1
| #define HAVE_MEMORY_H 1
| #define HAVE_STRINGS_H 1
| #define HAVE_INTTYPES_H 1
| #define HAVE_STDINT_H 1
| #define HAVE_UNISTD_H 1
| #define HAVE_FCNTL_H 1
| #define HAVE_STDLIB_H 1
| #define HAVE_MALLOC 1
| #define HAVE_STDLIB_H 1
| #define HAVE_REALLOC 1
| #ifdef __cplusplus
| extern "C" void exit (int) throw ();
| #endif
| #define HAVE_STRDUP 1
| #define HAVE_DIRENT_H 1
| #define HAVE_DIRENT_H 1
| #define HAVE_ALLOCA_H 1
| #define HAVE_ALLOCA 1
| #define HAVE_MBSTATE_T 1
| #define STDC_HEADERS 1
| #define HAVE_DLFCN_H 1
| /* end confdefs.h.  */
| #include <ac_nonexistent.h>
configure:8687: checking for g77
configure:8716: result: no
configure:8687: checking for f77
configure:8716: result: no
configure:8687: checking for xlf
configure:8716: result: no
configure:8687: checking for frt
configure:8716: result: no
configure:8687: checking for pgf77
configure:8716: result: no
configure:8687: checking for fort77
configure:8716: result: no
configure:8687: checking for fl32
configure:8716: result: no
configure:8687: checking for af77
configure:8716: result: no
configure:8687: checking for f90
configure:8716: result: no
configure:8687: checking for xlf90
configure:8716: result: no
configure:8687: checking for pgf90
configure:8716: result: no
configure:8687: checking for epcf90
configure:8716: result: no
configure:8687: checking for f95
configure:8716: result: no
configure:8687: checking for fort
configure:8716: result: no
configure:8687: checking for xlf95
configure:8716: result: no
configure:8687: checking for ifc
configure:8716: result: no
configure:8687: checking for efc
configure:8716: result: no
configure:8687: checking for pgf95
configure:8716: result: no
configure:8687: checking for lf95
configure:8716: result: no
configure:8687: checking for gfortran
configure:8703: found /usr/bin/gfortran
configure:8713: result: gfortran
configure:8728: checking for Fortran 77 compiler version
configure:8731: gfortran --version </dev/null >&5
GNU Fortran (Gentoo 4.4.4-r2 p1.3, pie-0.4.5) 4.4.4
Copyright (C) 2010 Free Software Foundation, Inc.

GNU Fortran comes with NO WARRANTY, to the extent permitted by law.
You may redistribute copies of GNU Fortran
under the terms of the GNU General Public License.
For more information about these matters, see the file named COPYING

configure:8734: $? = 0
configure:8736: gfortran -v </dev/null >&5
Using built-in specs.
Target: i686-pc-linux-gnu
Configured with: /var/tmp/portage/sys-devel/gcc-4.4.4-r2/work/gcc-4.4.4/configure --prefix=/usr --bindir=/usr/i686-pc-linux-gnu/gcc-bin/4.4.4 --includedir=/usr/lib/gcc/i686-pc-linux-gnu/4.4.4/include --datadir=/usr/share/gcc-data/i686-pc-linux-gnu/4.4.4 --mandir=/usr/share/gcc-data/i686-pc-linux-gnu/4.4.4/man --infodir=/usr/share/gcc-data/i686-pc-linux-gnu/4.4.4/info --with-gxx-include-dir=/usr/lib/gcc/i686-pc-linux-gnu/4.4.4/include/g++-v4 --host=i686-pc-linux-gnu --build=i686-pc-linux-gnu --disable-altivec --disable-fixed-point --without-ppl --without-cloog --enable-nls --without-included-gettext --with-system-zlib --disable-werror --enable-secureplt --disable-multilib --enable-libmudflap --disable-libssp --enable-libgomp --with-python-dir=/share/gcc-data/i686-pc-linux-gnu/4.4.4/python --enable-checking=release --disable-libgcj --with-arch=i686 --enable-languages=c,c++,fortran --enable-shared --enable-threads=posix --enable-__cxa_atexit --enable-clocale=gnu --with-bugurl=http://bugs.gentoo.org/ --with-pkgversion='Gentoo 4.4.4-r2 p1.3, pie-0.4.5'
Thread model: posix
gcc version 4.4.4 (Gentoo 4.4.4-r2 p1.3, pie-0.4.5) 
configure:8739: $? = 0
configure:8741: gfortran -V </dev/null >&5
gfortran: '-V' option must have argument
configure:8744: $? = 1
configure:8752: checking whether we are using the GNU Fortran 77 compiler
configure:8766: gfortran -c  conftest.F >&5
configure:8772: $? = 0
configure:8776: test -z 
			 || test ! -s conftest.err
configure:8779: $? = 0
configure:8782: test -s conftest.o
configure:8785: $? = 0
configure:8798: result: yes
configure:8804: checking whether gfortran accepts -g
configure:8816: gfortran -c -g conftest.f >&5
configure:8822: $? = 0
configure:8826: test -z 
			 || test ! -s conftest.err
configure:8829: $? = 0
configure:8832: test -s conftest.o
configure:8835: $? = 0
configure:8847: result: yes
configure:8877: checking the maximum length of command line arguments
configure:8986: result: 32768
configure:8997: checking command to parse /usr/bin/nm -B output from gcc object
configure:9102: gcc -c -g -O2  conftest.c >&5
configure:9105: $? = 0
configure:9109: /usr/bin/nm -B conftest.o \| sed -n -e 's/^.*[ 	]\([ABCDGIRSTW][ABCDGIRSTW]*\)[ 	][ 	]*\([_A-Za-z][_A-Za-z0-9]*\)$/\1 \2 \2/p' \> conftest.nm
configure:9112: $? = 0
configure:9164: gcc -o conftest -g -O2   conftest.c conftstm.o >&5
configure:9167: $? = 0
configure:9205: result: ok
configure:9209: checking for objdir
configure:9224: result: .libs
configure:9314: checking for ar
configure:9330: found /usr/bin/ar
configure:9341: result: ar
configure:9394: checking for ranlib
configure:9410: found /usr/bin/ranlib
configure:9421: result: ranlib
configure:9474: checking for strip
configure:9490: found /usr/bin/strip
configure:9501: result: strip
configure:9724: checking for correct ltmain.sh version
configure:9774: result: yes
configure:9834: checking if gcc supports -fno-rtti -fno-exceptions
configure:9852: gcc -c -g -O2  -fno-rtti -fno-exceptions conftest.c >&5
cc1: warning: command line option "-fno-rtti" is valid for C++/ObjC++ but not for C
configure:9856: $? = 0
configure:9869: result: no
configure:9884: checking for gcc option to produce PIC
configure:10094: result: -fPIC
configure:10102: checking if gcc PIC flag -fPIC works
configure:10120: gcc -c -g -O2  -fPIC -DPIC conftest.c >&5
configure:10124: $? = 0
configure:10137: result: yes
configure:10165: checking if gcc static flag -static works
configure:10193: result: yes
configure:10203: checking if gcc supports -c -o file.o
configure:10224: gcc -c -g -O2  -o out/conftest2.o conftest.c >&5
configure:10228: $? = 0
configure:10250: result: yes
configure:10276: checking whether the gcc linker (/usr/i686-pc-linux-gnu/bin/ld) supports shared libraries
configure:11234: result: yes
configure:11255: checking whether -lc should be explicitly linked in
configure:11260: gcc -c -g -O2  conftest.c >&5
configure:11263: $? = 0
configure:11278: gcc -shared conftest.o  -v -Wl,-soname -Wl,conftest -o conftest 2\>\&1 \| grep  -lc  \>/dev/null 2\>\&1
configure:11281: $? = 0
configure:11293: result: no
configure:11301: checking dynamic linker characteristics
configure:11926: result: GNU/Linux ld.so
configure:11935: checking how to hardcode library paths into programs
configure:11960: result: immediate
configure:11974: checking whether stripping libraries is possible
configure:11979: result: yes
configure:12813: checking if libtool supports shared libraries
configure:12815: result: yes
configure:12818: checking whether to build shared libraries
configure:12839: result: yes
configure:12842: checking whether to build static libraries
configure:12846: result: no
configure:12938: creating libtool
configure:13526: checking for ld used by g++
configure:13593: result: /usr/i686-pc-linux-gnu/bin/ld
configure:13602: checking if the linker (/usr/i686-pc-linux-gnu/bin/ld) is GNU ld
configure:13617: result: yes
configure:13668: checking whether the g++ linker (/usr/i686-pc-linux-gnu/bin/ld) supports shared libraries
configure:14606: result: yes
configure:14624: g++ -c -g -O2  conftest.cpp >&5
configure:14627: $? = 0
configure:14746: checking for g++ option to produce PIC
configure:15020: result: -fPIC
configure:15028: checking if g++ PIC flag -fPIC works
configure:15046: g++ -c -g -O2  -fPIC -DPIC conftest.cpp >&5
configure:15050: $? = 0
configure:15063: result: yes
configure:15091: checking if g++ static flag -static works
configure:15119: result: yes
configure:15129: checking if g++ supports -c -o file.o
configure:15150: g++ -c -g -O2  -o out/conftest2.o conftest.cpp >&5
configure:15154: $? = 0
configure:15176: result: yes
configure:15202: checking whether the g++ linker (/usr/i686-pc-linux-gnu/bin/ld) supports shared libraries
configure:15227: result: yes
configure:15294: checking dynamic linker characteristics
configure:15919: result: GNU/Linux ld.so
configure:15928: checking how to hardcode library paths into programs
configure:15953: result: immediate
configure:16479: checking if libtool supports shared libraries
configure:16481: result: yes
configure:16484: checking whether to build shared libraries
configure:16504: result: yes
configure:16507: checking whether to build static libraries
configure:16511: result: no
configure:16521: checking for gfortran option to produce PIC
configure:16731: result: -fPIC
configure:16739: checking if gfortran PIC flag -fPIC works
configure:16757: gfortran -c -g -O2 -fPIC conftest.f >&5
configure:16761: $? = 0
configure:16774: result: yes
configure:16802: checking if gfortran static flag -static works
configure:16830: result: yes
configure:16840: checking if gfortran supports -c -o file.o
configure:16861: gfortran -c -g -O2 -o out/conftest2.o conftest.f >&5
configure:16865: $? = 0
configure:16887: result: yes
configure:16913: checking whether the gfortran linker (/usr/i686-pc-linux-gnu/bin/ld) supports shared libraries
configure:17851: result: yes
configure:17918: checking dynamic linker characteristics
configure:18543: result: GNU/Linux ld.so
configure:18552: checking how to hardcode library paths into programs
configure:18577: result: immediate
configure:22177: checking whether lstat dereferences a symlink specified with a trailing slash
configure:22208: gcc -o conftest -g -O2   conftest.c  >&5
configure:22211: $? = 0
configure:22213: ./conftest
configure:22216: $? = 0
configure:22237: result: yes
configure:22258: checking whether stat accepts an empty string
configure:22283: gcc -o conftest -g -O2   conftest.c  >&5
configure:22286: $? = 0
configure:22288: ./conftest
configure:22291: $? = 1
configure: program exited with status 1
configure: failed program was:
| /* confdefs.h.  */
| 
| #define PACKAGE_NAME ""
| #define PACKAGE_TARNAME ""
| #define PACKAGE_VERSION ""
| #define PACKAGE_STRING ""
| #define PACKAGE_BUGREPORT ""
| #define PACKAGE "audacious-cdcover"
| #define VERSION "0.2"
| #define HAVE_MEMSET 1
| #define HAVE_STRSTR 1
| #define STDC_HEADERS 1
| #define HAVE_SYS_TYPES_H 1
| #define HAVE_SYS_STAT_H 1
| #define HAVE_STDLIB_H 1
| #define HAVE_STRING_H 1
| #define HAVE_MEMORY_H 1
| #define HAVE_STRINGS_H 1
| #define HAVE_INTTYPES_H 1
| #define HAVE_STDINT_H 1
| #define HAVE_UNISTD_H 1
| #define HAVE_FCNTL_H 1
| #define HAVE_STDLIB_H 1
| #define HAVE_MALLOC 1
| #define HAVE_STDLIB_H 1
| #define HAVE_REALLOC 1
| #ifdef __cplusplus
| extern "C" void exit (int) throw ();
| #endif
| #define HAVE_STRDUP 1
| #define HAVE_DIRENT_H 1
| #define HAVE_DIRENT_H 1
| #define HAVE_ALLOCA_H 1
| #define HAVE_ALLOCA 1
| #define HAVE_MBSTATE_T 1
| #define STDC_HEADERS 1
| #define HAVE_DLFCN_H 1
| #define LSTAT_FOLLOWS_SLASHED_SYMLINK 1
| /* end confdefs.h.  */
| #include <stdio.h>
| #if HAVE_SYS_TYPES_H
| # include <sys/types.h>
| #endif
| #if HAVE_SYS_STAT_H
| # include <sys/stat.h>
| #endif
| #if STDC_HEADERS
| # include <stdlib.h>
| # include <stddef.h>
| #else
| # if HAVE_STDLIB_H
| #  include <stdlib.h>
| # endif
| #endif
| #if HAVE_STRING_H
| # if !STDC_HEADERS && HAVE_MEMORY_H
| #  include <memory.h>
| # endif
| # include <string.h>
| #endif
| #if HAVE_STRINGS_H
| # include <strings.h>
| #endif
| #if HAVE_INTTYPES_H
| # include <inttypes.h>
| #else
| # if HAVE_STDINT_H
| #  include <stdint.h>
| # endif
| #endif
| #if HAVE_UNISTD_H
| # include <unistd.h>
| #endif
| int
| main ()
| {
| struct stat sbuf;
|   exit (stat ("", &sbuf) ? 1 : 0);
|   ;
|   return 0;
| }
configure:22305: result: no
configure:22323: checking for an ANSI C-conforming const
configure:22420: result: yes
configure:22431: checking for X
configure:22536: gcc -E  conftest.c
configure:22542: $? = 0
configure:22592: gcc -o conftest -g -O2   conftest.c -lXt  >&5
configure:22598: $? = 0
configure:22602: test -z 
			 || test ! -s conftest.err
configure:22605: $? = 0
configure:22608: test -s conftest
configure:22611: $? = 0
configure:22661: result: libraries , headers 
configure:22714: checking for pkg-config
configure:22732: found /usr/bin/pkg-config
configure:22744: result: /usr/bin/pkg-config
configure:22759: checking pkg-config is at least version 0.9.0
configure:22762: result: yes
configure:22773: checking for GTK
configure:22781: $PKG_CONFIG --exists --print-errors "glib-2.0 >= 2.4.0 gtk+-2.0 >= 2.4.0"
configure:22784: $? = 0
configure:22799: $PKG_CONFIG --exists --print-errors "glib-2.0 >= 2.4.0 gtk+-2.0 >= 2.4.0"
configure:22802: $? = 0
configure:22840: result: yes
configure:22846: checking for AUDACIOUS
configure:22854: $PKG_CONFIG --exists --print-errors "audacious >= 0.1.0"
configure:22857: $? = 0
configure:22872: $PKG_CONFIG --exists --print-errors "audacious >= 0.1.0"
configure:22875: $? = 0
configure:22913: result: yes
configure:22919: checking for GDK_PIXBUF
configure:22927: $PKG_CONFIG --exists --print-errors "gdk-pixbuf-2.0 >= 2.6.0"
configure:22930: $? = 0
configure:22945: $PKG_CONFIG --exists --print-errors "gdk-pixbuf-2.0 >= 2.6.0"
configure:22948: $? = 0
configure:22986: result: yes
configure:23087: creating ./config.status

## ---------------------- ##
## Running config.status. ##
## ---------------------- ##

This file was extended by config.status, which was
generated by GNU Autoconf 2.59.  Invocation command line was

  CONFIG_FILES    = 
  CONFIG_HEADERS  = 
  CONFIG_LINKS    = 
  CONFIG_COMMANDS = 
  $ ./config.status 

on arrakis

config.status:714: creating Makefile
config.status:714: creating src/Makefile
config.status:714: creating src/interface/Makefile
config.status:714: creating src/skin/Makefile
config.status:818: creating config.h
config.status:954: config.h is unchanged
config.status:1248: executing default-1 commands

## ---------------- ##
## Cache variables. ##
## ---------------- ##

ac_cv_build=i686-pc-linux-gnu
ac_cv_build_alias=i686-pc-linux-gnu
ac_cv_c_compiler_gnu=yes
ac_cv_c_const=yes
ac_cv_cxx_compiler_gnu=yes
ac_cv_env_AUDACIOUS_CFLAGS_set=
ac_cv_env_AUDACIOUS_CFLAGS_value=
ac_cv_env_AUDACIOUS_LIBS_set=
ac_cv_env_AUDACIOUS_LIBS_value=
ac_cv_env_CC_set=
ac_cv_env_CC_value=
ac_cv_env_CFLAGS_set=
ac_cv_env_CFLAGS_value=
ac_cv_env_CPPFLAGS_set=
ac_cv_env_CPPFLAGS_value=
ac_cv_env_CPP_set=
ac_cv_env_CPP_value=
ac_cv_env_CXXCPP_set=
ac_cv_env_CXXCPP_value=
ac_cv_env_CXXFLAGS_set=
ac_cv_env_CXXFLAGS_value=
ac_cv_env_CXX_set=
ac_cv_env_CXX_value=
ac_cv_env_F77_set=
ac_cv_env_F77_value=
ac_cv_env_FFLAGS_set=
ac_cv_env_FFLAGS_value=
ac_cv_env_GDK_PIXBUF_CFLAGS_set=
ac_cv_env_GDK_PIXBUF_CFLAGS_value=
ac_cv_env_GDK_PIXBUF_LIBS_set=
ac_cv_env_GDK_PIXBUF_LIBS_value=
ac_cv_env_GTK_CFLAGS_set=
ac_cv_env_GTK_CFLAGS_value=
ac_cv_env_GTK_LIBS_set=
ac_cv_env_GTK_LIBS_value=
ac_cv_env_LDFLAGS_set=
ac_cv_env_LDFLAGS_value=
ac_cv_env_PKG_CONFIG_set=
ac_cv_env_PKG_CONFIG_value=
ac_cv_env_build_alias_set=
ac_cv_env_build_alias_value=
ac_cv_env_host_alias_set=
ac_cv_env_host_alias_value=
ac_cv_env_target_alias_set=
ac_cv_env_target_alias_value=
ac_cv_exeext=
ac_cv_f77_compiler_gnu=yes
ac_cv_func_alloca_works=yes
ac_cv_func_closedir_void=no
ac_cv_func_fnmatch_works=yes
ac_cv_func_lstat_dereferences_slashed_symlink=yes
ac_cv_func_malloc_0_nonnull=yes
ac_cv_func_memset=yes
ac_cv_func_realloc_0_nonnull=yes
ac_cv_func_stat_empty_string_bug=no
ac_cv_func_strdup=yes
ac_cv_func_strstr=yes
ac_cv_have_x='have_x=yes 		ac_x_includes= ac_x_libraries='
ac_cv_header_dirent_dirent_h=yes
ac_cv_header_dlfcn_h=yes
ac_cv_header_fcntl_h=yes
ac_cv_header_inttypes_h=yes
ac_cv_header_memory_h=yes
ac_cv_header_stdc=yes
ac_cv_header_stdint_h=yes
ac_cv_header_stdlib_h=yes
ac_cv_header_string_h=yes
ac_cv_header_strings_h=yes
ac_cv_header_sys_stat_h=yes
ac_cv_header_sys_types_h=yes
ac_cv_header_unistd_h=yes
ac_cv_host=i686-pc-linux-gnu
ac_cv_host_alias=i686-pc-linux-gnu
ac_cv_objext=o
ac_cv_path_ac_pt_PKG_CONFIG=/usr/bin/pkg-config
ac_cv_path_install='/usr/bin/install -c'
ac_cv_prog_CPP='gcc -E'
ac_cv_prog_CXXCPP='g++ -E'
ac_cv_prog_ac_ct_AR=ar
ac_cv_prog_ac_ct_CC=gcc
ac_cv_prog_ac_ct_CXX=g++
ac_cv_prog_ac_ct_F77=gfortran
ac_cv_prog_ac_ct_RANLIB=ranlib
ac_cv_prog_ac_ct_STRIP=strip
ac_cv_prog_cc_g=yes
ac_cv_prog_cc_stdc=
ac_cv_prog_cxx_g=yes
ac_cv_prog_egrep='grep -E'
ac_cv_prog_f77_g=yes
ac_cv_prog_make_make_set=yes
ac_cv_search_opendir='none required'
ac_cv_target=i686-pc-linux-gnu
ac_cv_target_alias=i686-pc-linux-gnu
ac_cv_type_mbstate_t=yes
ac_cv_working_alloca_h=yes
lt_cv_deplibs_check_method=pass_all
lt_cv_file_magic_cmd='$MAGIC_CMD'
lt_cv_file_magic_test_file=
lt_cv_ld_reload_flag=-r
lt_cv_objdir=.libs
lt_cv_path_LD=/usr/i686-pc-linux-gnu/bin/ld
lt_cv_path_LDCXX=/usr/i686-pc-linux-gnu/bin/ld
lt_cv_path_NM='/usr/bin/nm -B'
lt_cv_path_SED=/bin/sed
lt_cv_prog_compiler_c_o=yes
lt_cv_prog_compiler_c_o_CXX=yes
lt_cv_prog_compiler_c_o_F77=yes
lt_cv_prog_compiler_rtti_exceptions=no
lt_cv_prog_gnu_ld=yes
lt_cv_prog_gnu_ldcxx=yes
lt_cv_sys_global_symbol_pipe='sed -n -e '\''s/^.*[ 	]\([ABCDGIRSTW][ABCDGIRSTW]*\)[ 	][ 	]*\([_A-Za-z][_A-Za-z0-9]*\)$/\1 \2 \2/p'\'''
lt_cv_sys_global_symbol_to_c_name_address='sed -n -e '\''s/^: \([^ ]*\) $/  {\"\1\", (lt_ptr) 0},/p'\'' -e '\''s/^[BCDEGRST] \([^ ]*\) \([^ ]*\)$/  {"\2", (lt_ptr) \&\2},/p'\'''
lt_cv_sys_global_symbol_to_cdecl='sed -n -e '\''s/^. .* \(.*\)$/extern int \1;/p'\'''
lt_cv_sys_max_cmd_len=32768
lt_lt_cv_prog_compiler_c_o='"yes"'
lt_lt_cv_prog_compiler_c_o_CXX='"yes"'
lt_lt_cv_prog_compiler_c_o_F77='"yes"'
lt_lt_cv_sys_global_symbol_pipe='"sed -n -e '\''s/^.*[ 	]\\([ABCDGIRSTW][ABCDGIRSTW]*\\)[ 	][ 	]*\\([_A-Za-z][_A-Za-z0-9]*\\)\$/\\1 \\2 \\2/p'\''"'
lt_lt_cv_sys_global_symbol_to_c_name_address='"sed -n -e '\''s/^: \\([^ ]*\\) \$/  {\\\"\\1\\\", (lt_ptr) 0},/p'\'' -e '\''s/^[BCDEGRST] \\([^ ]*\\) \\([^ ]*\\)\$/  {\"\\2\", (lt_ptr) \\&\\2},/p'\''"'
lt_lt_cv_sys_global_symbol_to_cdecl='"sed -n -e '\''s/^. .* \\(.*\\)\$/extern int \\1;/p'\''"'
pkg_cv_AUDACIOUS_CFLAGS='-pthread -D_REENTRANT -D_GNU_SOURCE -I/usr/include/glib-2.0 -I/usr/lib/glib-2.0/include -I/usr/include/gtk-2.0 -I/usr/include/pango-1.0 -I/usr/include/cairo -I/usr/include/libmowgli -I/usr/include/dbus-1.0 -I/usr/lib/dbus-1.0/include -I/usr/lib/gtk-2.0/include -I/usr/include/atk-1.0 -I/usr/include/gdk-pixbuf-2.0 -I/usr/include/pixman-1 -I/usr/include/freetype2 -I/usr/include/directfb -I/usr/include/libpng14  '
pkg_cv_AUDACIOUS_LIBS='-pthread -laudcore -laudgui -lgtk-x11-2.0 -lmcs -ldbus-glib-1 -lgdk-x11-2.0 -latk-1.0 -lgio-2.0 -lpangoft2-1.0 -lpangocairo-1.0 -lgdk_pixbuf-2.0 -lm -lcairo -lpng14 -lpango-1.0 -lfreetype -lfontconfig -lgmodule-2.0 -lmowgli -ldbus-1 -lpthread -lgobject-2.0 -lgthread-2.0 -lrt -lglib-2.0  '
pkg_cv_GDK_PIXBUF_CFLAGS='-pthread -I/usr/include/gdk-pixbuf-2.0 -I/usr/include/libpng14 -I/usr/include/glib-2.0 -I/usr/lib/glib-2.0/include  '
pkg_cv_GDK_PIXBUF_LIBS='-pthread -lgdk_pixbuf-2.0 -lm -lgobject-2.0 -lgmodule-2.0 -lpng14 -lgthread-2.0 -lrt -lglib-2.0  '
pkg_cv_GTK_CFLAGS='-pthread -D_REENTRANT -D_GNU_SOURCE -I/usr/include/glib-2.0 -I/usr/lib/glib-2.0/include -I/usr/include/gtk-2.0 -I/usr/lib/gtk-2.0/include -I/usr/include/atk-1.0 -I/usr/include/cairo -I/usr/include/gdk-pixbuf-2.0 -I/usr/include/pango-1.0 -I/usr/include/pixman-1 -I/usr/include/freetype2 -I/usr/include/directfb -I/usr/include/libpng14  '
pkg_cv_GTK_LIBS='-pthread -lgtk-x11-2.0 -lgdk-x11-2.0 -latk-1.0 -lgio-2.0 -lpangoft2-1.0 -lpangocairo-1.0 -lgdk_pixbuf-2.0 -lm -lcairo -lpng14 -lpango-1.0 -lfreetype -lfontconfig -lgobject-2.0 -lgmodule-2.0 -lgthread-2.0 -lrt -lglib-2.0  '

## ----------------- ##
## Output variables. ##
## ----------------- ##

ACLOCAL='aclocal-1.4'
ALLOCA=''
AR='ar'
AUDACIOUS_CFLAGS='-pthread -D_REENTRANT -D_GNU_SOURCE -I/usr/include/glib-2.0 -I/usr/lib/glib-2.0/include -I/usr/include/gtk-2.0 -I/usr/include/pango-1.0 -I/usr/include/cairo -I/usr/include/libmowgli -I/usr/include/dbus-1.0 -I/usr/lib/dbus-1.0/include -I/usr/lib/gtk-2.0/include -I/usr/include/atk-1.0 -I/usr/include/gdk-pixbuf-2.0 -I/usr/include/pixman-1 -I/usr/include/freetype2 -I/usr/include/directfb -I/usr/include/libpng14  '
AUDACIOUS_LIBS='-pthread -laudcore -laudgui -lgtk-x11-2.0 -lmcs -ldbus-glib-1 -lgdk-x11-2.0 -latk-1.0 -lgio-2.0 -lpangoft2-1.0 -lpangocairo-1.0 -lgdk_pixbuf-2.0 -lm -lcairo -lpng14 -lpango-1.0 -lfreetype -lfontconfig -lgmodule-2.0 -lmowgli -ldbus-1 -lpthread -lgobject-2.0 -lgthread-2.0 -lrt -lglib-2.0  '
AUTOCONF='autoconf'
AUTOHEADER='autoheader'
AUTOMAKE='automake-1.4'
CC='gcc'
CFLAGS='-g -O2'
CPP='gcc -E'
CPPFLAGS=''
CXX='g++'
CXXCPP='g++ -E'
CXXFLAGS='-g -O2'
DEFS='-DHAVE_CONFIG_H'
ECHO='echo'
ECHO_C=''
ECHO_N='-n'
ECHO_T=''
EGREP='grep -E'
EXEEXT=''
F77='gfortran'
FFLAGS='-g -O2'
GDK_PIXBUF_CFLAGS='-pthread -I/usr/include/gdk-pixbuf-2.0 -I/usr/include/libpng14 -I/usr/include/glib-2.0 -I/usr/lib/glib-2.0/include  '
GDK_PIXBUF_LIBS='-pthread -lgdk_pixbuf-2.0 -lm -lgobject-2.0 -lgmodule-2.0 -lpng14 -lgthread-2.0 -lrt -lglib-2.0  '
GTK_CFLAGS='-pthread -D_REENTRANT -D_GNU_SOURCE -I/usr/include/glib-2.0 -I/usr/lib/glib-2.0/include -I/usr/include/gtk-2.0 -I/usr/lib/gtk-2.0/include -I/usr/include/atk-1.0 -I/usr/include/cairo -I/usr/include/gdk-pixbuf-2.0 -I/usr/include/pango-1.0 -I/usr/include/pixman-1 -I/usr/include/freetype2 -I/usr/include/directfb -I/usr/include/libpng14  '
GTK_LIBS='-pthread -lgtk-x11-2.0 -lgdk-x11-2.0 -latk-1.0 -lgio-2.0 -lpangoft2-1.0 -lpangocairo-1.0 -lgdk_pixbuf-2.0 -lm -lcairo -lpng14 -lpango-1.0 -lfreetype -lfontconfig -lgobject-2.0 -lgmodule-2.0 -lgthread-2.0 -lrt -lglib-2.0  '
INSTALL_DATA='${INSTALL} -m 644'
INSTALL_PROGRAM='${INSTALL}'
INSTALL_SCRIPT='${INSTALL}'
LDFLAGS=''
LIBOBJS=''
LIBS=''
LIBTOOL='$(SHELL) $(top_builddir)/libtool'
LN_S='ln -s'
LTLIBOBJS=''
MAKEINFO='makeinfo'
OBJEXT='o'
PACKAGE='audacious-cdcover'
PACKAGE_BUGREPORT=''
PACKAGE_NAME=''
PACKAGE_STRING=''
PACKAGE_TARNAME=''
PACKAGE_VERSION=''
PATH_SEPARATOR=':'
PKG_CONFIG='/usr/bin/pkg-config'
RANLIB='ranlib'
SET_MAKE=''
SHELL='/bin/sh'
STRIP='strip'
VERSION='0.2'
ac_ct_AR='ar'
ac_ct_CC='gcc'
ac_ct_CXX='g++'
ac_ct_F77='gfortran'
ac_ct_RANLIB='ranlib'
ac_ct_STRIP='strip'
ac_pt_PKG_CONFIG='/usr/bin/pkg-config'
bindir='${exec_prefix}/bin'
build='i686-pc-linux-gnu'
build_alias=''
build_cpu='i686'
build_os='linux-gnu'
build_vendor='pc'
datadir='${prefix}/share'
exec_prefix='${prefix}'
host='i686-pc-linux-gnu'
host_alias=''
host_cpu='i686'
host_os='linux-gnu'
host_vendor='pc'
includedir='${prefix}/include'
infodir='${prefix}/info'
libdir='${exec_prefix}/lib'
libexecdir='${exec_prefix}/libexec'
localstatedir='${prefix}/var'
mandir='${prefix}/man'
oldincludedir='/usr/include'
prefix='/usr/local'
program_transform_name='s,x,x,'
sbindir='${exec_prefix}/sbin'
sharedstatedir='${prefix}/com'
sysconfdir='${prefix}/etc'
target='i686-pc-linux-gnu'
target_alias=''
target_cpu='i686'
target_os='linux-gnu'
target_vendor='pc'

## ----------- ##
## confdefs.h. ##
## ----------- ##

#define HAVE_ALLOCA 1
#define HAVE_ALLOCA_H 1
#define HAVE_DIRENT_H 1
#define HAVE_DIRENT_H 1
#define HAVE_DLFCN_H 1
#define HAVE_FCNTL_H 1
#define HAVE_INTTYPES_H 1
#define HAVE_MALLOC 1
#define HAVE_MBSTATE_T 1
#define HAVE_MEMORY_H 1
#define HAVE_MEMSET 1
#define HAVE_REALLOC 1
#define HAVE_STDINT_H 1
#define HAVE_STDLIB_H 1
#define HAVE_STDLIB_H 1
#define HAVE_STDLIB_H 1
#define HAVE_STRDUP 1
#define HAVE_STRINGS_H 1
#define HAVE_STRING_H 1
#define HAVE_STRSTR 1
#define HAVE_SYS_STAT_H 1
#define HAVE_SYS_TYPES_H 1
#define HAVE_UNISTD_H 1
#define LSTAT_FOLLOWS_SLASHED_SYMLINK 1
#define PACKAGE "audacious-cdcover"
#define PACKAGE_BUGREPORT ""
#define PACKAGE_NAME ""
#define PACKAGE_STRING ""
#define PACKAGE_TARNAME ""
#define PACKAGE_VERSION ""
#define STDC_HEADERS 1
#define STDC_HEADERS 1
#define VERSION "0.2"
#endif
#ifdef __cplusplus
extern "C" void exit (int) throw ();

configure: exit 0

## ---------------------- ##
## Running config.status. ##
## ---------------------- ##

This file was extended by config.status, which was
generated by GNU Autoconf 2.59.  Invocation command line was

  CONFIG_FILES    = src/interface/Makefile
  CONFIG_HEADERS  = 
  CONFIG_LINKS    = 
  CONFIG_COMMANDS = 
  $ ./config.status 

on arrakis

config.status:714: creating src/interface/Makefile
config.status:1248: executing default-1 commands
